<?xml version="1.0" encoding="UTF-8"?>
<testng-results skipped="0" failed="0" total="1" passed="1">
  <reporter-output>
    <line>
      <![CDATA[µ÷ä¯ÀÀÆ÷]]>
    </line>
  </reporter-output>
  <suite name="Suite" duration-ms="8435" started-at="2017-03-29T09:42:22Z" finished-at="2017-03-29T09:42:31Z">
    <groups>
    </groups>
    <test name="Test" duration-ms="8435" started-at="2017-03-29T09:42:22Z" finished-at="2017-03-29T09:42:31Z">
      <class name="com.demo.TestCase.Case">
        <test-method status="PASS" signature="beforeMethod()[pri:0, instance:com.demo.TestCase.Case@77f03bb1]" name="beforeMethod" is-config="true" duration-ms="6775" started-at="2017-03-29T17:42:22Z" finished-at="2017-03-29T17:42:29Z">
          <reporter-output>
          </reporter-output>
        </test-method> <!-- beforeMethod -->
        <test-method status="PASS" signature="f()[pri:0, instance:com.demo.TestCase.Case@77f03bb1]" name="f" duration-ms="2" started-at="2017-03-29T17:42:29Z" finished-at="2017-03-29T17:42:29Z">
          <reporter-output>
            <line>
              <![CDATA[µ÷ä¯ÀÀÆ÷]]>
            </line>
          </reporter-output>
        </test-method> <!-- f -->
        <test-method status="PASS" signature="afterMethod()[pri:0, instance:com.demo.TestCase.Case@77f03bb1]" name="afterMethod" is-config="true" duration-ms="1639" started-at="2017-03-29T17:42:29Z" finished-at="2017-03-29T17:42:31Z">
          <reporter-output>
          </reporter-output>
        </test-method> <!-- afterMethod -->
      </class> <!-- com.demo.TestCase.Case -->
    </test> <!-- Test -->
  </suite> <!-- Suite -->
</testng-results>
